{"/home/sahal/projects/recipe-frontend/src/api/recipes.jsx": {"path":"/home/sahal/projects/recipe-frontend/src/api/recipes.jsx","statementMap":{"0":{"start":{"line":1,"column":17},"end":{"line":1,"column":null}},"1":{"start":{"line":4,"column":19},"end":{"line":4,"column":null}},"2":{"start":{"line":5,"column":2},"end":{"line":5,"column":null}},"3":{"start":{"line":9,"column":21},"end":{"line":15,"column":null}},"4":{"start":{"line":16,"column":2},"end":{"line":16,"column":null}},"5":{"start":{"line":20,"column":19},"end":{"line":22,"column":null}},"6":{"start":{"line":23,"column":2},"end":{"line":23,"column":null}},"7":{"start":{"line":27,"column":19},"end":{"line":33,"column":null}},"8":{"start":{"line":34,"column":2},"end":{"line":34,"column":null}}},"fnMap":{"0":{"name":"getRecipes","decl":{"start":{"line":3,"column":22},"end":{"line":3,"column":35}},"loc":{"start":{"line":3,"column":35},"end":{"line":6,"column":null}},"line":3},"1":{"name":"createRecipe","decl":{"start":{"line":8,"column":22},"end":{"line":8,"column":35}},"loc":{"start":{"line":8,"column":43},"end":{"line":17,"column":null}},"line":8},"2":{"name":"deleteRecipe","decl":{"start":{"line":19,"column":22},"end":{"line":19,"column":35}},"loc":{"start":{"line":19,"column":39},"end":{"line":24,"column":null}},"line":19},"3":{"name":"updateRecipe","decl":{"start":{"line":26,"column":22},"end":{"line":26,"column":35}},"loc":{"start":{"line":26,"column":54},"end":{"line":35,"column":null}},"line":26}},"branchMap":{},"s":{"0":1,"1":0,"2":0,"3":0,"4":0,"5":0,"6":0,"7":0,"8":0},"f":{"0":0,"1":0,"2":0,"3":0},"b":{},"meta":{"lastBranch":0,"lastFunction":4,"lastStatement":9,"seen":{"s:1:17:1:Infinity":0,"f:3:22:3:35":0,"s:4:19:4:Infinity":1,"s:5:2:5:Infinity":2,"f:8:22:8:35":1,"s:9:21:15:Infinity":3,"s:16:2:16:Infinity":4,"f:19:22:19:35":2,"s:20:19:22:Infinity":5,"s:23:2:23:Infinity":6,"f:26:22:26:35":3,"s:27:19:33:Infinity":7,"s:34:2:34:Infinity":8},"fnNames":{}}}
,"/home/sahal/projects/recipe-frontend/src/components/RecipeCard.jsx": {"path":"/home/sahal/projects/recipe-frontend/src/components/RecipeCard.jsx","statementMap":{"0":{"start":{"line":2,"column":2},"end":{"line":26,"column":null}},"1":{"start":{"line":14,"column":25},"end":{"line":14,"column":null}},"2":{"start":{"line":20,"column":25},"end":{"line":20,"column":null}}},"fnMap":{"0":{"name":"RecipeCard","decl":{"start":{"line":1,"column":24},"end":{"line":1,"column":35}},"loc":{"start":{"line":1,"column":65},"end":{"line":28,"column":null}},"line":1},"1":{"name":"(anonymous_1)","decl":{"start":{"line":14,"column":10},"end":{"line":14,"column":25}},"loc":{"start":{"line":14,"column":25},"end":{"line":14,"column":null}},"line":14},"2":{"name":"(anonymous_2)","decl":{"start":{"line":20,"column":10},"end":{"line":20,"column":25}},"loc":{"start":{"line":20,"column":25},"end":{"line":20,"column":null}},"line":20}},"branchMap":{},"s":{"0":1,"1":0,"2":0},"f":{"0":1,"1":0,"2":0},"b":{},"meta":{"lastBranch":0,"lastFunction":3,"lastStatement":3,"seen":{"f:1:24:1:35":0,"s:2:2:26:Infinity":0,"f:14:10:14:25":1,"s:14:25:14:Infinity":1,"f:20:10:20:25":2,"s:20:25:20:Infinity":2},"fnNames":{}}}
,"/home/sahal/projects/recipe-frontend/src/components/RecipeForm.jsx": {"path":"/home/sahal/projects/recipe-frontend/src/components/RecipeForm.jsx","statementMap":{"0":{"start":{"line":5,"column":15},"end":{"line":12,"column":null}},"1":{"start":{"line":14,"column":8},"end":{"line":16,"column":null}},"2":{"start":{"line":15,"column":4},"end":{"line":15,"column":null}},"3":{"start":{"line":18,"column":23},"end":{"line":37,"column":null}},"4":{"start":{"line":19,"column":4},"end":{"line":19,"column":null}},"5":{"start":{"line":21,"column":22},"end":{"line":26,"column":null}},"6":{"start":{"line":27,"column":4},"end":{"line":27,"column":null}},"7":{"start":{"line":29,"column":4},"end":{"line":36,"column":null}},"8":{"start":{"line":39,"column":2},"end":{"line":50,"column":null}}},"fnMap":{"0":{"name":"RecipeForm","decl":{"start":{"line":4,"column":24},"end":{"line":4,"column":35}},"loc":{"start":{"line":4,"column":46},"end":{"line":52,"column":null}},"line":4},"1":{"name":"(anonymous_1)","decl":{"start":{"line":14,"column":8},"end":{"line":14,"column":24}},"loc":{"start":{"line":14,"column":30},"end":{"line":16,"column":null}},"line":14},"2":{"name":"(anonymous_2)","decl":{"start":{"line":18,"column":23},"end":{"line":18,"column":30}},"loc":{"start":{"line":18,"column":36},"end":{"line":37,"column":null}},"line":18}},"branchMap":{},"s":{"0":1,"1":1,"2":0,"3":1,"4":0,"5":0,"6":0,"7":0,"8":1},"f":{"0":1,"1":0,"2":0},"b":{},"meta":{"lastBranch":0,"lastFunction":3,"lastStatement":9,"seen":{"f:4:24:4:35":0,"s:5:15:12:Infinity":0,"s:14:8:16:Infinity":1,"f:14:8:14:24":1,"s:15:4:15:Infinity":2,"s:18:23:37:Infinity":3,"f:18:23:18:30":2,"s:19:4:19:Infinity":4,"s:21:22:26:Infinity":5,"s:27:4:27:Infinity":6,"s:29:4:36:Infinity":7,"s:39:2:50:Infinity":8},"fnNames":{}}}
,"/home/sahal/projects/recipe-frontend/src/components/RecipeList.jsx": {"path":"/home/sahal/projects/recipe-frontend/src/components/RecipeList.jsx","statementMap":{"0":{"start":{"line":6,"column":18},"end":{"line":6,"column":null}},"1":{"start":{"line":7,"column":18},"end":{"line":7,"column":null}},"2":{"start":{"line":8,"column":15},"end":{"line":8,"column":null}},"3":{"start":{"line":10,"column":22},"end":{"line":13,"column":null}},"4":{"start":{"line":11,"column":17},"end":{"line":11,"column":null}},"5":{"start":{"line":12,"column":4},"end":{"line":12,"column":null}},"6":{"start":{"line":15,"column":2},"end":{"line":17,"column":null}},"7":{"start":{"line":16,"column":4},"end":{"line":16,"column":null}},"8":{"start":{"line":19,"column":23},"end":{"line":22,"column":null}},"9":{"start":{"line":20,"column":4},"end":{"line":20,"column":null}},"10":{"start":{"line":21,"column":4},"end":{"line":21,"column":null}},"11":{"start":{"line":24,"column":8},"end":{"line":27,"column":null}},"12":{"start":{"line":25,"column":4},"end":{"line":25,"column":null}},"13":{"start":{"line":26,"column":4},"end":{"line":26,"column":null}},"14":{"start":{"line":29,"column":19},"end":{"line":33,"column":null}},"15":{"start":{"line":30,"column":4},"end":{"line":30,"column":null}},"16":{"start":{"line":31,"column":4},"end":{"line":31,"column":null}},"17":{"start":{"line":32,"column":4},"end":{"line":32,"column":null}},"18":{"start":{"line":35,"column":2},"end":{"line":72,"column":null}},"19":{"start":{"line":41,"column":10},"end":{"line":68,"column":null}},"20":{"start":{"line":45,"column":33},"end":{"line":45,"column":null}},"21":{"start":{"line":51,"column":18},"end":{"line":51,"column":null}}},"fnMap":{"0":{"name":"RecipeList","decl":{"start":{"line":5,"column":24},"end":{"line":5,"column":35}},"loc":{"start":{"line":5,"column":48},"end":{"line":74,"column":null}},"line":5},"1":{"name":"(anonymous_1)","decl":{"start":{"line":10,"column":22},"end":{"line":10,"column":34}},"loc":{"start":{"line":10,"column":34},"end":{"line":13,"column":null}},"line":10},"2":{"name":"(anonymous_2)","decl":{"start":{"line":15,"column":2},"end":{"line":15,"column":18}},"loc":{"start":{"line":15,"column":18},"end":{"line":17,"column":5}},"line":15},"3":{"name":"(anonymous_3)","decl":{"start":{"line":19,"column":23},"end":{"line":19,"column":30}},"loc":{"start":{"line":19,"column":37},"end":{"line":22,"column":null}},"line":19},"4":{"name":"(anonymous_4)","decl":{"start":{"line":24,"column":8},"end":{"line":24,"column":21}},"loc":{"start":{"line":24,"column":32},"end":{"line":27,"column":null}},"line":24},"5":{"name":"(anonymous_5)","decl":{"start":{"line":29,"column":19},"end":{"line":29,"column":31}},"loc":{"start":{"line":29,"column":31},"end":{"line":33,"column":null}},"line":29},"6":{"name":"(anonymous_6)","decl":{"start":{"line":40,"column":17},"end":{"line":40,"column":22}},"loc":{"start":{"line":41,"column":10},"end":{"line":68,"column":null}},"line":41},"7":{"name":"(anonymous_7)","decl":{"start":{"line":45,"column":16},"end":{"line":45,"column":27}},"loc":{"start":{"line":45,"column":33},"end":{"line":45,"column":null}},"line":45},"8":{"name":"(anonymous_8)","decl":{"start":{"line":50,"column":16},"end":{"line":50,"column":27}},"loc":{"start":{"line":51,"column":18},"end":{"line":51,"column":null}},"line":51}},"branchMap":{"0":{"loc":{"start":{"line":12,"column":15},"end":{"line":12,"column":53}},"type":"cond-expr","locations":[{"start":{"line":12,"column":37},"end":{"line":12,"column":44}},{"start":{"line":12,"column":44},"end":{"line":12,"column":53}}],"line":12},"1":{"loc":{"start":{"line":41,"column":10},"end":{"line":68,"column":null}},"type":"cond-expr","locations":[{"start":{"line":42,"column":12},"end":{"line":61,"column":null}},{"start":{"line":63,"column":12},"end":{"line":68,"column":null}}],"line":41},"2":{"loc":{"start":{"line":44,"column":23},"end":{"line":44,"column":null}},"type":"binary-expr","locations":[{"start":{"line":44,"column":23},"end":{"line":44,"column":37}},{"start":{"line":44,"column":37},"end":{"line":44,"column":null}}],"line":44},"3":{"loc":{"start":{"line":49,"column":23},"end":{"line":49,"column":null}},"type":"binary-expr","locations":[{"start":{"line":49,"column":23},"end":{"line":49,"column":43}},{"start":{"line":49,"column":43},"end":{"line":49,"column":null}}],"line":49}},"s":{"0":2,"1":2,"2":2,"3":2,"4":1,"5":1,"6":2,"7":1,"8":2,"9":0,"10":0,"11":2,"12":0,"13":0,"14":2,"15":0,"16":0,"17":0,"18":2,"19":1,"20":0,"21":0},"f":{"0":2,"1":1,"2":1,"3":0,"4":0,"5":0,"6":1,"7":0,"8":0},"b":{"0":[0,1],"1":[0,1],"2":[0,0],"3":[0,0]},"meta":{"lastBranch":4,"lastFunction":9,"lastStatement":22,"seen":{"f:5:24:5:35":0,"s:6:18:6:Infinity":0,"s:7:18:7:Infinity":1,"s:8:15:8:Infinity":2,"s:10:22:13:Infinity":3,"f:10:22:10:34":1,"s:11:17:11:Infinity":4,"s:12:4:12:Infinity":5,"b:12:37:12:44:12:44:12:53":0,"s:15:2:17:Infinity":6,"f:15:2:15:18":2,"s:16:4:16:Infinity":7,"s:19:23:22:Infinity":8,"f:19:23:19:30":3,"s:20:4:20:Infinity":9,"s:21:4:21:Infinity":10,"s:24:8:27:Infinity":11,"f:24:8:24:21":4,"s:25:4:25:Infinity":12,"s:26:4:26:Infinity":13,"s:29:19:33:Infinity":14,"f:29:19:29:31":5,"s:30:4:30:Infinity":15,"s:31:4:31:Infinity":16,"s:32:4:32:Infinity":17,"s:35:2:72:Infinity":18,"f:40:17:40:22":6,"s:41:10:68:Infinity":19,"b:42:12:61:Infinity:63:12:68:Infinity":1,"b:44:23:44:37:44:37:44:Infinity":2,"f:45:16:45:27":7,"s:45:33:45:Infinity":20,"b:49:23:49:43:49:43:49:Infinity":3,"f:50:16:50:27":8,"s:51:18:51:Infinity":21},"fnNames":{}}}
}
